<?xml version="1.0" encoding="UTF-8"?>
<!-- Generated by org.testng.reporters.JUnitXMLReporter -->
<testsuite hostname="DESKTOP-DVQEPK8" ignored="0" name="Default test" tests="2" failures="0" timestamp="30 Jul 2017 02:30:31 GMT" time="1.403" errors="0">
  <testcase name="testLogin" time="0.021" classname="com.hybridFramework.homepage.TestDataDriverScript"/>
  <testcase name="testLogin" time="0.005" classname="com.hybridFramework.homepage.TestDataDriverScript"/>
</testsuite> <!-- Default test -->
