<?xml version="1.0" encoding="UTF-8"?>
<testng-results skipped="0" failed="0" ignored="0" total="2" passed="2">
  <reporter-output>
  </reporter-output>
  <suite name="Default suite" duration-ms="1403" started-at="2017-07-30T02:30:29Z" finished-at="2017-07-30T02:30:31Z">
    <groups>
    </groups>
    <test name="Default test" duration-ms="1403" started-at="2017-07-30T02:30:29Z" finished-at="2017-07-30T02:30:31Z">
      <class name="com.hybridFramework.homepage.TestDataDriverScript">
        <test-method status="PASS" signature="testLogin(java.lang.String, java.lang.String, java.lang.String)[pri:0, instance:com.hybridFramework.homepage.TestDataDriverScript@6f7fd0e6]" name="testLogin" duration-ms="21" started-at="2017-07-30T08:00:31Z" data-provider="testData" finished-at="2017-07-30T08:00:31Z">
          <params>
            <param index="0">
              <value>
                <![CDATA[automation@gmail.com]]>
              </value>
            </param>
            <param index="1">
              <value>
                <![CDATA[password]]>
              </value>
            </param>
            <param index="2">
              <value>
                <![CDATA[y]]>
              </value>
            </param>
          </params>
          <reporter-output>
          </reporter-output>
        </test-method> <!-- testLogin -->
        <test-method status="PASS" signature="testLogin(java.lang.String, java.lang.String, java.lang.String)[pri:0, instance:com.hybridFramework.homepage.TestDataDriverScript@6f7fd0e6]" name="testLogin" duration-ms="5" started-at="2017-07-30T08:00:31Z" data-provider="testData" finished-at="2017-07-30T08:00:31Z">
          <params>
            <param index="0">
              <value>
                <![CDATA[automation@gmail.com]]>
              </value>
            </param>
            <param index="1">
              <value>
                <![CDATA[password]]>
              </value>
            </param>
            <param index="2">
              <value>
                <![CDATA[y]]>
              </value>
            </param>
          </params>
          <reporter-output>
          </reporter-output>
        </test-method> <!-- testLogin -->
      </class> <!-- com.hybridFramework.homepage.TestDataDriverScript -->
    </test> <!-- Default test -->
  </suite> <!-- Default suite -->
</testng-results>
